# JRE version: Java(TM) SE Runtime Environment (8.0_211-b12) (build 1.8.0_211-b12)
# Java VM: Java HotSpot(TM) 64-Bit Server VM (25.211-b12 mixed mode windows-amd64 compressed oops)
Heap:
 PSYoungGen      total 202240K, used 72927K [0x00000000ec380000, 0x00000000f9580000, 0x0000000100000000)
  eden space 190464K, 38% used [0x00000000ec380000,0x00000000f0ab7cb0,0x00000000f7d80000)
  from space 11776K, 0% used [0x00000000f7d80000,0x00000000f7d80000,0x00000000f8900000)
  to   space 9728K, 0% used [0x00000000f8900000,0x00000000f8900000,0x00000000f9280000)
 ParOldGen       total 36864K, used 13150K [0x00000000c4a00000, 0x00000000c6e00000, 0x00000000ec380000)
  object space 36864K, 35% used [0x00000000c4a00000,0x00000000c56d79d8,0x00000000c6e00000)
 Metaspace       used 42244K, capacity 44466K, committed 44672K, reserved 1087488K
  class space    used 5752K, capacity 6164K, committed 6272K, reserved 1048576K
GC Heap History (10 events):
Event: 9.808 GC heap before
{Heap before GC invocations=9 (full 1):
 PSYoungGen      total 130048K, used 3059K [0x00000000ec380000, 0x00000000f4b80000, 0x0000000100000000)
  eden space 121856K, 0% used [0x00000000ec380000,0x00000000ec380000,0x00000000f3a80000)
  from space 8192K, 37% used [0x00000000f4380000,0x00000000f467cdf0,0x00000000f4b80000)
  to   space 8704K, 0% used [0x00000000f3a80000,0x00000000f3a80000,0x00000000f4300000)
 ParOldGen       total 40960K, used 7924K [0x00000000c4a00000, 0x00000000c7200000, 0x00000000ec380000)
  object space 40960K, 19% used [0x00000000c4a00000,0x00000000c51bd2a8,0x00000000c7200000)
 Metaspace       used 20537K, capacity 21224K, committed 21296K, reserved 1067008K
  class space    used 2693K, capacity 2906K, committed 2944K, reserved 1048576K
Event: 9.859 GC heap after
Heap after GC invocations=9 (full 1):
 PSYoungGen      total 130048K, used 0K [0x00000000ec380000, 0x00000000f4b80000, 0x0000000100000000)
  eden space 121856K, 0% used [0x00000000ec380000,0x00000000ec380000,0x00000000f3a80000)
  from space 8192K, 0% used [0x00000000f4380000,0x00000000f4380000,0x00000000f4b80000)
  to   space 8704K, 0% used [0x00000000f3a80000,0x00000000f3a80000,0x00000000f4300000)
 ParOldGen       total 24576K, used 4693K [0x00000000c4a00000, 0x00000000c6200000, 0x00000000ec380000)
  object space 24576K, 19% used [0x00000000c4a00000,0x00000000c4e95790,0x00000000c6200000)
 Metaspace       used 20535K, capacity 21218K, committed 21296K, reserved 1067008K
  class space    used 2693K, capacity 2905K, committed 2944K, reserved 1048576K
}
Event: 12.586 GC heap before
{Heap before GC invocations=10 (full 1):
 PSYoungGen      total 130048K, used 121856K [0x00000000ec380000, 0x00000000f4b80000, 0x0000000100000000)
  eden space 121856K, 100% used [0x00000000ec380000,0x00000000f3a80000,0x00000000f3a80000)
  from space 8192K, 0% used [0x00000000f4380000,0x00000000f4380000,0x00000000f4b80000)
  to   space 8704K, 0% used [0x00000000f3a80000,0x00000000f3a80000,0x00000000f4300000)
 ParOldGen       total 24576K, used 4693K [0x00000000c4a00000, 0x00000000c6200000, 0x00000000ec380000)
  object space 24576K, 19% used [0x00000000c4a00000,0x00000000c4e95790,0x00000000c6200000)
 Metaspace       used 24152K, capacity 25112K, committed 25472K, reserved 1071104K
  class space    used 3123K, capacity 3339K, committed 3456K, reserved 1048576K
Event: 12.612 GC heap after
Heap after GC invocations=10 (full 1):
 PSYoungGen      total 130560K, used 7151K [0x00000000ec380000, 0x00000000f9280000, 0x0000000100000000)
  eden space 121856K, 0% used [0x00000000ec380000,0x00000000ec380000,0x00000000f3a80000)
  from space 8704K, 82% used [0x00000000f3a80000,0x00000000f417be88,0x00000000f4300000)
  to   space 9728K, 0% used [0x00000000f8900000,0x00000000f8900000,0x00000000f9280000)
 ParOldGen       total 24576K, used 4701K [0x00000000c4a00000, 0x00000000c6200000, 0x00000000ec380000)
  object space 24576K, 19% used [0x00000000c4a00000,0x00000000c4e97790,0x00000000c6200000)
 Metaspace       used 24152K, capacity 25112K, committed 25472K, reserved 1071104K
  class space    used 3123K, capacity 3339K, committed 3456K, reserved 1048576K
}
Event: 16.533 GC heap before
{Heap before GC invocations=11 (full 1):
 PSYoungGen      total 130560K, used 128972K [0x00000000ec380000, 0x00000000f9280000, 0x0000000100000000)
  eden space 121856K, 99% used [0x00000000ec380000,0x00000000f3a77220,0x00000000f3a80000)
  from space 8704K, 82% used [0x00000000f3a80000,0x00000000f417be88,0x00000000f4300000)
  to   space 9728K, 0% used [0x00000000f8900000,0x00000000f8900000,0x00000000f9280000)
 ParOldGen       total 24576K, used 4701K [0x00000000c4a00000, 0x00000000c6200000, 0x00000000ec380000)
  object space 24576K, 19% used [0x00000000c4a00000,0x00000000c4e97790,0x00000000c6200000)
 Metaspace       used 31480K, capacity 33326K, committed 33536K, reserved 1079296K
  class space    used 4174K, capacity 4544K, committed 4608K, reserved 1048576K
Event: 16.551 GC heap after
Heap after GC invocations=11 (full 1):
 PSYoungGen      total 200192K, used 9723K [0x00000000ec380000, 0x00000000f9580000, 0x0000000100000000)
  eden space 190464K, 0% used [0x00000000ec380000,0x00000000ec380000,0x00000000f7d80000)
  from space 9728K, 99% used [0x00000000f8900000,0x00000000f927ee18,0x00000000f9280000)
  to   space 11776K, 0% used [0x00000000f7d80000,0x00000000f7d80000,0x00000000f8900000)
 ParOldGen       total 24576K, used 7348K [0x00000000c4a00000, 0x00000000c6200000, 0x00000000ec380000)
  object space 24576K, 29% used [0x00000000c4a00000,0x00000000c512d318,0x00000000c6200000)
 Metaspace       used 31480K, capacity 33326K, committed 33536K, reserved 1079296K
  class space    used 4174K, capacity 4544K, committed 4608K, reserved 1048576K
}
Event: 17.646 GC heap before
{Heap before GC invocations=12 (full 1):
 PSYoungGen      total 200192K, used 77705K [0x00000000ec380000, 0x00000000f9580000, 0x0000000100000000)
  eden space 190464K, 35% used [0x00000000ec380000,0x00000000f05e39c0,0x00000000f7d80000)
  from space 9728K, 99% used [0x00000000f8900000,0x00000000f927ee18,0x00000000f9280000)
  to   space 11776K, 0% used [0x00000000f7d80000,0x00000000f7d80000,0x00000000f8900000)
 ParOldGen       total 24576K, used 7348K [0x00000000c4a00000, 0x00000000c6200000, 0x00000000ec380000)
  object space 24576K, 29% used [0x00000000c4a00000,0x00000000c512d318,0x00000000c6200000)
 Metaspace       used 33477K, capacity 35444K, committed 35496K, reserved 1079296K
  class space    used 4440K, capacity 4815K, committed 4864K, reserved 1048576K
Event: 17.662 GC heap after
Heap after GC invocations=12 (full 1):
 PSYoungGen      total 202240K, used 2502K [0x00000000ec380000, 0x00000000f9580000, 0x0000000100000000)
  eden space 190464K, 0% used [0x00000000ec380000,0x00000000ec380000,0x00000000f7d80000)
  from space 11776K, 21% used [0x00000000f7d80000,0x00000000f7ff1a20,0x00000000f8900000)
  to   space 9728K, 0% used [0x00000000f8900000,0x00000000f8900000,0x00000000f9280000)
 ParOldGen       total 24576K, used 13950K [0x00000000c4a00000, 0x00000000c6200000, 0x00000000ec380000)
  object space 24576K, 56% used [0x00000000c4a00000,0x00000000c579fa58,0x00000000c6200000)
 Metaspace       used 33477K, capacity 35444K, committed 35496K, reserved 1079296K
  class space    used 4440K, capacity 4815K, committed 4864K, reserved 1048576K
}
Event: 17.662 GC heap before
{Heap before GC invocations=13 (full 2):
 PSYoungGen      total 202240K, used 2502K [0x00000000ec380000, 0x00000000f9580000, 0x0000000100000000)
  eden space 190464K, 0% used [0x00000000ec380000,0x00000000ec380000,0x00000000f7d80000)
  from space 11776K, 21% used [0x00000000f7d80000,0x00000000f7ff1a20,0x00000000f8900000)
  to   space 9728K, 0% used [0x00000000f8900000,0x00000000f8900000,0x00000000f9280000)
 ParOldGen       total 24576K, used 13950K [0x00000000c4a00000, 0x00000000c6200000, 0x00000000ec380000)
  object space 24576K, 56% used [0x00000000c4a00000,0x00000000c579fa58,0x00000000c6200000)
 Metaspace       used 33477K, capacity 35444K, committed 35496K, reserved 1079296K
  class space    used 4440K, capacity 4815K, committed 4864K, reserved 1048576K
Event: 17.782 GC heap after
Heap after GC invocations=13 (full 2):
 PSYoungGen      total 202240K, used 0K [0x00000000ec380000, 0x00000000f9580000, 0x0000000100000000)
  eden space 190464K, 0% used [0x00000000ec380000,0x00000000ec380000,0x00000000f7d80000)
  from space 11776K, 0% used [0x00000000f7d80000,0x00000000f7d80000,0x00000000f8900000)
  to   space 9728K, 0% used [0x00000000f8900000,0x00000000f8900000,0x00000000f9280000)
 ParOldGen       total 36864K, used 13150K [0x00000000c4a00000, 0x00000000c6e00000, 0x00000000ec380000)
  object space 36864K, 35% used [0x00000000c4a00000,0x00000000c56d79d8,0x00000000c6e00000)
 Metaspace       used 33477K, capacity 35444K, committed 35496K, reserved 1079296K
  class space    used 4440K, capacity 4815K, committed 4864K, reserved 1048576K
}

